生成启动时间为 2014/7/3 21:18:50。
     1>项目“F:\Documents\VS\OpenCV\QT\RGB_Segmentation\rgb_seg\rgb_seg.vcxproj”在节点 2 上(build 个目标)。
     1>InitializeBuildStatus:
         正在创建“Debug\rgb_seg.unsuccessfulbuild”，因为已指定“AlwaysCreate”。
       CustomBuild:
         Uic'ing rgb_seg.ui...
       ClCompile:
         f:\Program Files (x86)\Microsoft Visual Studio 10.0\VC\bin\CL.exe /c /I.\GeneratedFiles /I. /IF:\Large\QT5_3_0\5.3\msvc2010_opengl\include /I.\GeneratedFiles\Debug /IF:\Large\QT5_3_0\5.3\msvc2010_opengl\include\QtCore /IF:\Large\QT5_3_0\5.3\msvc2010_opengl\include\QtGui /IF:\Large\QT5_3_0\5.3\msvc2010_opengl\include\QtSensors /IF:\Large\QT5_3_0\5.3\msvc2010_opengl\include\QtWidgets /Zi /nologo /W1 /WX- /Od /Oy- /D UNICODE /D WIN32 /D WIN64 /D QT_DLL /D QT_CORE_LIB /D QT_GUI_LIB /D QT_SENSORS_LIB /D QT_WIDGETS_LIB /Gm- /EHsc /MDd /GS /fp:precise /Zc:wchar_t /Zc:forScope /Fo"Debug\\" /Fd"Debug\vc100.pdb" /Gd /TP /analyze- /errorReport:prompt GeneratedFiles\Debug\moc_rgb_seg.cpp main.cpp rgb_seg.cpp
         moc_rgb_seg.cpp
         main.cpp
         rgb_seg.cpp
         正在生成代码...
         所有输出均为最新。
       Link:
         f:\Program Files (x86)\Microsoft Visual Studio 10.0\VC\bin\link.exe /ERRORREPORT:PROMPT /OUT:"F:\Documents\VS\OpenCV\QT\RGB_Segmentation\rgb_seg\Win32\Debug\\rgb_seg.exe" /NOLOGO /LIBPATH:F:\Large\QT5_3_0\5.3\msvc2010_opengl\lib /LIBPATH:"F:\Program Files (x86)\opecv2.6.4\opencv\build\x86\vc10\lib" /LIBPATH:"F:\Program Files (x86)\OpenNI2\Lib" qtmaind.lib Qt5Cored.lib Qt5Guid.lib Qt5Sensorsd.lib Qt5Widgetsd.lib opencv_calib3d246d.lib opencv_contrib246d.lib opencv_core246d.lib opencv_features2d246d.lib opencv_flann246d.lib opencv_gpu246d.lib opencv_highgui246d.lib opencv_imgproc246d.lib opencv_legacy246d.lib opencv_ml246d.lib opencv_objdetect246d.lib opencv_ts246d.lib opencv_video246d.lib OpenNI2.lib kernel32.lib user32.lib gdi32.lib winspool.lib comdlg32.lib advapi32.lib shell32.lib ole32.lib oleaut32.lib uuid.lib odbc32.lib odbccp32.lib /MANIFEST /ManifestFile:"Debug\rgb_seg.exe.intermediate.manifest" /MANIFESTUAC:"level='asInvoker' uiAccess='false'" /DEBUG /PDB:"F:\Documents\VS\OpenCV\QT\RGB_Segmentation\rgb_seg\Win32\Debug\rgb_seg.pdb" /SUBSYSTEM:WINDOWS /TLBID:1 /DYNAMICBASE /NXCOMPAT /IMPLIB:"F:\Documents\VS\OpenCV\QT\RGB_Segmentation\rgb_seg\Win32\Debug\rgb_seg.lib" /MACHINE:X86 Debug\moc_rgb_seg.obj
         Debug\qrc_rgb_seg.obj
         Debug\main.obj
         Debug\rgb_seg.obj
         LINK : 没有找到 F:\Documents\VS\OpenCV\QT\RGB_Segmentation\rgb_seg\Win32\Debug\\rgb_seg.exe 或上一个增量链接没有生成它；正在执行完全链接
         rgb_seg.vcxproj -> F:\Documents\VS\OpenCV\QT\RGB_Segmentation\rgb_seg\Win32\Debug\rgb_seg.exe
       Manifest:
         C:\Program Files (x86)\Microsoft SDKs\Windows\v7.0A\bin\mt.exe /nologo /verbose /outputresource:"F:\Documents\VS\OpenCV\QT\RGB_Segmentation\rgb_seg\Win32\Debug\\rgb_seg.exe;#1" /manifest Debug\rgb_seg.exe.intermediate.manifest
       FinalizeBuildStatus:
         正在删除文件“Debug\rgb_seg.unsuccessfulbuild”。
         正在对“Debug\rgb_seg.lastbuildstate”执行 Touch 任务。
     1>已完成生成项目“F:\Documents\VS\OpenCV\QT\RGB_Segmentation\rgb_seg\rgb_seg.vcxproj”(build 个目标)的操作。

生成成功。

已用时间 00:00:14.49
